\BOOKMARK [0][-]{chapter.1}{\376\377\000T\000h\000e\000\040\000R\000e\000a\000l\000\040\000N\000u\000m\000b\000e\000r\000s}{}% 1
\BOOKMARK [1][-]{section.1.1}{\376\377\000T\000h\000e\000\040\000A\000x\000i\000o\000m\000\040\000o\000f\000\040\000C\000o\000m\000p\000l\000e\000t\000e\000n\000e\000s\000s}{chapter.1}% 2
\BOOKMARK [1][-]{section.1.2}{\376\377\000C\000o\000n\000s\000e\000q\000u\000e\000n\000c\000e\000s\000\040\000o\000f\000\040\000C\000o\000m\000p\000l\000e\000t\000e\000n\000e\000s\000s}{chapter.1}% 3
\BOOKMARK [2][-]{subsection.1.2.1}{\376\377\000T\000h\000e\000\040\000D\000e\000n\000s\000i\000t\000y\000\040\000o\000f\000\040\000t\000h\000e\000\040\000R\000a\000t\000i\000o\000n\000a\000l\000s\000\040}{section.1.2}% 4
\BOOKMARK [1][-]{section.1.3}{\376\377\000T\000h\000e\000\040\000E\000x\000i\000s\000t\000e\000n\000c\000e\000\040\000o\000f\000\040\000S\000q\000u\000a\000r\000e\000\040\000R\000o\000o\000t\000s}{chapter.1}% 5
\BOOKMARK [1][-]{section.1.4}{\376\377\000C\000a\000r\000d\000i\000n\000a\000l\000i\000t\000y}{chapter.1}% 6
\BOOKMARK [2][-]{subsection.1.4.1}{\376\377\000C\000o\000r\000r\000e\000s\000p\000o\000n\000d\000e\000n\000c\000e}{section.1.4}% 7
\BOOKMARK [2][-]{subsection.1.4.2}{\376\377\000C\000o\000u\000n\000t\000a\000b\000l\000e\000\040\000S\000e\000t\000s}{section.1.4}% 8
\BOOKMARK [0][-]{chapter.2}{\376\377\000S\000e\000q\000u\000e\000n\000c\000e\000s\000\040\000a\000n\000d\000\040\000S\000e\000r\000i\000e\000s}{}% 9
\BOOKMARK [1][-]{section.2.1}{\376\377\000T\000h\000e\000\040\000L\000i\000m\000i\000t\000\040\000o\000f\000\040\000a\000\040\000S\000e\000q\000u\000e\000n\000c\000e}{chapter.2}% 10
\BOOKMARK [2][-]{subsection.2.1.1}{\376\377\000D\000i\000v\000e\000r\000g\000e\000n\000c\000e}{section.2.1}% 11
\BOOKMARK [1][-]{section.2.2}{\376\377\000T\000h\000e\000\040\000A\000l\000g\000e\000b\000r\000a\000i\000c\000\040\000a\000n\000d\000\040\000O\000r\000d\000e\000r\000\040\000L\000i\000m\000i\000t\000\040\000T\000h\000e\000o\000r\000e\000m\000s}{chapter.2}% 12
\BOOKMARK [1][-]{section.2.3}{\376\377\000T\000h\000e\000\040\000M\000o\000n\000o\000t\000o\000n\000e\000\040\000C\000o\000n\000v\000e\000r\000g\000e\000n\000c\000e\000\040\000T\000h\000e\000o\000r\000e\000m}{chapter.2}% 13
\BOOKMARK [1][-]{section.2.4}{\376\377\000S\000u\000b\000s\000e\000q\000u\000e\000n\000c\000e\000s\000\040\000a\000n\000d\000\040\000B\000o\000l\000z\000a\000n\000o\000-\000W\000e\000i\000e\000r\000s\000t\000r\000a\000s\000s}{chapter.2}% 14
\BOOKMARK [1][-]{section.2.5}{\376\377\000T\000h\000e\000\040\000C\000a\000u\000c\000h\000y\000\040\000C\000r\000i\000t\000e\000r\000i\000o\000n}{chapter.2}% 15
\BOOKMARK [2][-]{subsection.2.5.1}{\376\377\000C\000o\000m\000p\000l\000e\000t\000e\000n\000e\000s\000s\000\040\000R\000e\000v\000i\000s\000i\000t\000e\000d}{section.2.5}% 16
\BOOKMARK [1][-]{section.2.6}{\376\377\000P\000r\000o\000p\000e\000r\000t\000i\000e\000s\000\040\000o\000f\000\040\000I\000n\000f\000i\000n\000i\000t\000e\000\040\000S\000e\000r\000i\000e\000s}{chapter.2}% 17
\BOOKMARK [2][-]{subsection.2.6.1}{\376\377\000R\000e\000a\000r\000r\000a\000n\000g\000e\000m\000e\000n\000t\000s}{section.2.6}% 18
\BOOKMARK [1][-]{section.2.7}{\376\377\000D\000o\000u\000b\000l\000e\000\040\000S\000u\000m\000m\000a\000t\000i\000o\000n\000s\000\040\000a\000n\000d\000\040\000P\000r\000o\000d\000u\000c\000t\000s}{chapter.2}% 19
\BOOKMARK [2][-]{subsection.2.7.1}{\376\377\000P\000r\000o\000d\000u\000c\000t\000s\000\040\000o\000f\000\040\000S\000e\000r\000i\000e\000s}{section.2.7}% 20
\BOOKMARK [0][-]{chapter.3}{\376\377\000B\000a\000s\000i\000c\000\040\000T\000o\000p\000o\000l\000o\000g\000y\000\040\000o\000f\000\040\000T\000h\000e\000\040\000R\000e\000a\000l\000\040\000N\000u\000m\000b\000e\000r\000s}{}% 21
\BOOKMARK [1][-]{section.3.1}{\376\377\000D\000i\000s\000c\000u\000s\000s\000i\000o\000n\000:\000\040\000T\000h\000e\000\040\000C\000a\000n\000t\000o\000r\000\040\000S\000e\000t}{chapter.3}% 22
\BOOKMARK [1][-]{section.3.2}{\376\377\000O\000p\000e\000n\000\040\000a\000n\000d\000\040\000C\000l\000o\000s\000e\000d\000\040\000S\000e\000t\000s}{chapter.3}% 23
\BOOKMARK [2][-]{subsection.3.2.1}{\376\377\000C\000l\000o\000s\000e\000d\000\040\000S\000e\000t\000s}{section.3.2}% 24
\BOOKMARK [2][-]{subsection.3.2.2}{\376\377\000C\000l\000o\000s\000u\000r\000e}{section.3.2}% 25
\BOOKMARK [2][-]{subsection.3.2.3}{\376\377\000C\000o\000m\000p\000l\000e\000m\000e\000n\000t\000s}{section.3.2}% 26
\BOOKMARK [1][-]{section.3.3}{\376\377\000C\000o\000m\000p\000a\000c\000t\000\040\000S\000e\000t\000s}{chapter.3}% 27
\BOOKMARK [2][-]{subsection.3.3.1}{\376\377\000C\000o\000m\000p\000a\000c\000t\000n\000e\000s\000s}{section.3.3}% 28
\BOOKMARK [2][-]{subsection.3.3.2}{\376\377\000O\000p\000e\000n\000\040\000C\000o\000v\000e\000r\000s}{section.3.3}% 29
\BOOKMARK [1][-]{section.3.4}{\376\377\000P\000e\000r\000f\000e\000c\000t\000\040\000S\000e\000t\000s}{chapter.3}% 30
\BOOKMARK [2][-]{subsection.3.4.1}{\376\377\000C\000o\000n\000n\000e\000c\000t\000e\000d\000\040\000S\000e\000t\000s}{section.3.4}% 31
\BOOKMARK [0][-]{chapter.4}{\376\377\000F\000u\000n\000c\000t\000i\000o\000n\000a\000l\000\040\000L\000i\000m\000i\000t\000s\000\040\000a\000n\000d\000\040\000C\000o\000n\000t\000i\000n\000u\000i\000t\000y}{}% 32
\BOOKMARK [1][-]{subsection.4.0.1}{\376\377\000T\000o\000w\000a\000r\000d\000s\000\040\000a\000\040\000F\000o\000r\000m\000a\000l\000\040\000D\000e\000f\000i\000n\000i\000t\000i\000o\000n\000\040\000o\000f\000\040\000C\000o\000n\000t\000i\000n\000u\000i\000t\000y}{chapter.4}% 33
\BOOKMARK [1][-]{section.4.1}{\376\377\000F\000u\000n\000c\000t\000i\000o\000n\000a\000l\000\040\000L\000i\000m\000i\000t\000s}{chapter.4}% 34
\BOOKMARK [2][-]{subsection.4.1.1}{\376\377\000D\000e\000f\000i\000n\000i\000n\000g\000\040\000t\000h\000e\000\040\000F\000u\000n\000c\000t\000i\000o\000n\000a\000l\000\040\000L\000i\000m\000i\000t}{section.4.1}% 35
\BOOKMARK [2][-]{subsection.4.1.2}{\376\377\000S\000e\000q\000u\000e\000n\000t\000i\000a\000l\000\040\000C\000r\000i\000t\000e\000r\000i\000o\000n\000\040\000f\000o\000r\000\040\000F\000u\000n\000c\000t\000i\000o\000n\000a\000l\000\040\000L\000i\000m\000i\000t\000s}{section.4.1}% 36
\BOOKMARK [1][-]{section.4.2}{\376\377\000C\000o\000n\000t\000i\000n\000u\000o\000u\000s\000\040\000F\000u\000n\000c\000t\000i\000o\000n\000s}{chapter.4}% 37
\BOOKMARK [1][-]{section.4.3}{\376\377\000C\000o\000n\000t\000i\000n\000u\000o\000u\000s\000\040\000F\000u\000n\000c\000t\000i\000o\000n\000s\000\040\000o\000n\000\040\000C\000o\000m\000p\000a\000c\000t\000\040\000S\000e\000t\000s}{chapter.4}% 38
\BOOKMARK [2][-]{subsection.4.3.1}{\376\377\000U\000n\000i\000f\000o\000r\000m\000\040\000C\000o\000n\000t\000i\000n\000u\000i\000t\000y}{section.4.3}% 39
\BOOKMARK [1][-]{section.4.4}{\376\377\000T\000h\000e\000\040\000I\000n\000t\000e\000r\000m\000e\000d\000i\000a\000t\000e\000\040\000V\000a\000l\000u\000e\000\040\000T\000h\000e\000o\000r\000e\000m}{chapter.4}% 40
\BOOKMARK [2][-]{subsection.4.4.1}{\376\377\000P\000r\000e\000s\000e\000r\000v\000a\000t\000i\000o\000n\000\040\000o\000f\000\040\000C\000o\000n\000n\000e\000c\000t\000e\000d\000\040\000S\000e\000t\000s}{section.4.4}% 41
\BOOKMARK [2][-]{subsection.4.4.2}{\376\377\000C\000o\000m\000p\000l\000e\000t\000e\000n\000e\000s\000s}{section.4.4}% 42
\BOOKMARK [2][-]{subsection.4.4.3}{\376\377\000T\000h\000e\000\040\000I\000n\000t\000e\000r\000m\000e\000d\000i\000a\000t\000e\000\040\000V\000a\000l\000u\000e\000\040\000P\000r\000o\000p\000e\000r\000t\000y}{section.4.4}% 43
\BOOKMARK [1][-]{section.4.5}{\376\377\000S\000e\000t\000s\000\040\000o\000f\000\040\000D\000i\000s\000c\000o\000n\000t\000i\000n\000u\000i\000t\000y}{chapter.4}% 44
\BOOKMARK [2][-]{subsection.4.5.1}{\376\377\000M\000o\000n\000o\000t\000o\000n\000e\000\040\000F\000u\000n\000c\000t\000i\000o\000n\000s}{section.4.5}% 45
\BOOKMARK [2][-]{subsection.4.5.2}{\376\377\000\040\000D\000f\000\040\000\040\000f\000o\000r\000\040\000a\000n\000\040\000A\000r\000b\000i\000t\000r\000a\000r\000y\000\040\000F\000u\000n\000c\000t\000i\000o\000n}{section.4.5}% 46
\BOOKMARK [0][-]{chapter.5}{\376\377\000T\000h\000e\000\040\000D\000e\000r\000i\000v\000a\000t\000i\000v\000e}{}% 47
\BOOKMARK [1][-]{section.5.1}{\376\377\000A\000r\000e\000\040\000D\000e\000r\000i\000v\000a\000t\000i\000v\000e\000s\000\040\000C\000o\000n\000t\000i\000n\000u\000o\000u\000s\000?}{chapter.5}% 48
\BOOKMARK [1][-]{section.5.2}{\376\377\000D\000e\000r\000i\000v\000a\000t\000i\000v\000e\000s\000\040\000a\000n\000d\000\040\000t\000h\000e\000\040\000I\000V\000P}{chapter.5}% 49
\BOOKMARK [2][-]{subsection.5.2.1}{\376\377\000D\000e\000f\000i\000n\000i\000t\000i\000o\000n\000\040\000o\000f\000\040\000t\000h\000e\000\040\000D\000e\000r\000i\000v\000a\000t\000i\000v\000e}{section.5.2}% 50
\BOOKMARK [2][-]{subsection.5.2.2}{\376\377\000C\000o\000m\000b\000i\000n\000a\000t\000i\000o\000n\000s\000\040\000o\000f\000\040\000D\000i\000f\000f\000e\000r\000e\000n\000t\000i\000a\000b\000l\000e\000\040\000F\000u\000n\000c\000t\000i\000o\000n\000s}{section.5.2}% 51
\BOOKMARK [2][-]{subsection.5.2.3}{\376\377\000D\000a\000r\000b\000o\000u\000x\000'\000s\000\040\000T\000h\000e\000o\000r\000e\000m}{section.5.2}% 52
\BOOKMARK [1][-]{section.5.3}{\376\377\000T\000h\000e\000\040\000M\000e\000a\000n\000\040\000V\000a\000l\000u\000e\000\040\000T\000h\000e\000o\000r\000e\000m\000s}{chapter.5}% 53
\BOOKMARK [2][-]{subsection.5.3.1}{\376\377\000M\000e\000a\000n\000\040\000V\000a\000l\000u\000e\000\040\000T\000h\000e\000o\000r\000e\000m}{section.5.3}% 54
\BOOKMARK [2][-]{subsection.5.3.2}{\376\377\000L\000'\000H\000o\000p\000i\000t\000a\000l\000'\000s\000\040\000R\000u\000l\000e\000s}{section.5.3}% 55
\BOOKMARK [1][-]{section.5.4}{\376\377\000C\000o\000n\000t\000i\000n\000u\000o\000u\000s\000\040\000N\000o\000w\000h\000e\000r\000e\000-\000D\000i\000f\000f\000e\000r\000e\000n\000t\000i\000a\000b\000l\000e\000\040\000F\000u\000n\000c\000t\000i\000o\000n\000s}{chapter.5}% 56
\BOOKMARK [2][-]{subsection.5.4.1}{\376\377\000T\000h\000e\000\040\000S\000a\000w\000t\000o\000o\000t\000h\000\040\000F\000u\000n\000c\000t\000i\000o\000n}{section.5.4}% 57
\BOOKMARK [2][-]{subsection.5.4.2}{\376\377\000I\000n\000f\000i\000n\000i\000t\000e\000\040\000S\000e\000r\000i\000e\000s\000\040\000o\000f\000\040\000F\000u\000n\000c\000t\000i\000o\000n\000s\000\040\000a\000n\000d\000\040\000C\000o\000n\000t\000i\000n\000u\000i\000t\000y}{section.5.4}% 58
\BOOKMARK [0][-]{chapter.6}{\376\377\000S\000e\000q\000u\000e\000n\000c\000e\000s\000\040\000a\000n\000d\000\040\000S\000e\000r\000i\000e\000s\000\040\000o\000f\000\040\000F\000u\000n\000c\000t\000i\000o\000n\000s}{}% 59
\BOOKMARK [1][-]{section.6.1}{\376\377\000D\000i\000s\000c\000u\000s\000s\000i\000o\000n\000:\000\040\000P\000o\000w\000e\000r\000\040\000S\000e\000r\000i\000e\000s}{chapter.6}% 60
\BOOKMARK [2][-]{subsection.6.1.1}{\376\377\000G\000e\000o\000m\000e\000t\000r\000i\000c\000\040\000S\000e\000r\000i\000e\000s}{section.6.1}% 61
\BOOKMARK [1][-]{section.6.2}{\376\377\000U\000n\000i\000f\000o\000r\000m\000\040\000C\000o\000n\000v\000e\000r\000g\000e\000n\000c\000e\000\040\000o\000f\000\040\000a\000\040\000S\000e\000q\000u\000e\000n\000c\000e\000\040\000o\000f\000\040\000F\000u\000n\000c\000t\000i\000o\000n\000s}{chapter.6}% 62
\BOOKMARK [2][-]{subsection.6.2.1}{\376\377\000P\000o\000i\000n\000t\000w\000i\000s\000e\000\040\000C\000o\000n\000v\000e\000r\000g\000e\000n\000c\000e}{section.6.2}% 63
\BOOKMARK [2][-]{subsection.6.2.2}{\376\377\000C\000o\000n\000t\000i\000n\000u\000i\000t\000y\000\040\000o\000f\000\040\000t\000h\000e\000\040\000L\000i\000m\000i\000t\000\040\000F\000u\000n\000c\000t\000i\000o\000n}{section.6.2}% 64
\BOOKMARK [2][-]{subsection.6.2.3}{\376\377\000U\000n\000i\000f\000o\000r\000m\000\040\000C\000o\000n\000v\000e\000r\000g\000e\000n\000c\000e}{section.6.2}% 65
\BOOKMARK [2][-]{subsection.6.2.4}{\376\377\000C\000a\000u\000c\000h\000y\000\040\000C\000r\000i\000t\000e\000r\000i\000o\000n}{section.6.2}% 66
\BOOKMARK [2][-]{subsection.6.2.5}{\376\377\000C\000o\000n\000t\000i\000n\000u\000i\000t\000y\000\040\000R\000e\000v\000i\000s\000i\000t\000e\000d}{section.6.2}% 67
\BOOKMARK [1][-]{section.6.3}{\376\377\000U\000n\000i\000f\000o\000r\000m\000\040\000C\000o\000n\000v\000e\000r\000g\000e\000n\000c\000e\000\040\000a\000n\000d\000\040\000D\000i\000f\000f\000e\000r\000e\000n\000t\000i\000a\000t\000i\000o\000n}{chapter.6}% 68
\BOOKMARK [1][-]{section.6.4}{\376\377\000S\000e\000r\000i\000e\000s\000\040\000o\000f\000\040\000F\000u\000n\000c\000t\000i\000o\000n\000s}{chapter.6}% 69
\BOOKMARK [1][-]{section.6.5}{\376\377\000P\000o\000w\000e\000r\000\040\000S\000e\000r\000i\000e\000s}{chapter.6}% 70
\BOOKMARK [2][-]{subsection.6.5.1}{\376\377\000E\000s\000t\000a\000b\000l\000i\000s\000h\000i\000n\000g\000\040\000U\000n\000i\000f\000o\000r\000m\000\040\000C\000o\000n\000v\000e\000r\000g\000e\000n\000c\000e}{section.6.5}% 71
\BOOKMARK [2][-]{subsection.6.5.2}{\376\377\000A\000b\000e\000l\000'\000s\000\040\000T\000h\000e\000o\000r\000e\000m}{section.6.5}% 72
\BOOKMARK [2][-]{subsection.6.5.3}{\376\377\000T\000h\000e\000\040\000S\000u\000c\000c\000e\000s\000s\000\040\000o\000f\000\040\000P\000o\000w\000e\000r\000\040\000S\000e\000r\000i\000e\000s}{section.6.5}% 73
\BOOKMARK [1][-]{section.6.6}{\376\377\000T\000a\000y\000l\000o\000r\000\040\000S\000e\000r\000i\000e\000s}{chapter.6}% 74
\BOOKMARK [2][-]{subsection.6.6.1}{\376\377\000M\000a\000n\000i\000p\000u\000l\000a\000t\000i\000n\000g\000\040\000S\000e\000r\000i\000e\000s}{section.6.6}% 75
\BOOKMARK [2][-]{subsection.6.6.2}{\376\377\000T\000a\000y\000l\000o\000r\000'\000s\000\040\000F\000o\000r\000m\000u\000l\000a\000\040\000f\000o\000r\000\040\000t\000h\000e\000\040\000C\000o\000e\000f\000f\000i\000c\000i\000e\000n\000t\000s}{section.6.6}% 76
\BOOKMARK [2][-]{subsection.6.6.3}{\376\377\000L\000a\000g\000r\000a\000n\000g\000e\000'\000s\000\040\000R\000e\000m\000a\000i\000n\000d\000e\000r\000\040\000T\000h\000e\000o\000r\000e\000m}{section.6.6}% 77
\BOOKMARK [2][-]{subsection.6.6.4}{\376\377\000T\000a\000y\000l\000o\000r\000\040\000S\000e\000r\000i\000e\000s\000\040\000C\000e\000n\000t\000e\000r\000e\000d\000\040\000a\000t\000\040\000\040\000a\000\040\000=\0000\000\040\000.}{section.6.6}% 78
\BOOKMARK [2][-]{subsection.6.6.5}{\376\377\000A\000\040\000C\000o\000u\000n\000t\000e\000r\000e\000x\000a\000m\000p\000l\000e}{section.6.6}% 79
\BOOKMARK [1][-]{section.6.7}{\376\377\000T\000h\000e\000\040\000W\000e\000i\000e\000r\000s\000t\000r\000a\000s\000s\000\040\000A\000p\000p\000r\000o\000x\000i\000m\000a\000t\000i\000o\000n\000\040\000T\000h\000e\000o\000r\000e\000m}{chapter.6}% 80
\BOOKMARK [2][-]{subsection.6.7.1}{\376\377\000I\000n\000t\000e\000r\000p\000o\000l\000a\000t\000i\000o\000n}{section.6.7}% 81
\BOOKMARK [2][-]{subsection.6.7.2}{\376\377\000A\000p\000p\000r\000o\000x\000i\000m\000a\000t\000i\000n\000g\000\040\000t\000h\000e\000\040\000A\000b\000s\000o\000l\000u\000t\000e\000\040\000V\000a\000l\000u\000e\000\040\000F\000u\000n\000c\000t\000i\000o\000n}{section.6.7}% 82
\BOOKMARK [2][-]{subsection.6.7.3}{\376\377\000C\000a\000u\000c\000h\000y\000'\000s\000\040\000R\000e\000m\000a\000i\000n\000d\000e\000r\000\040\000F\000o\000r\000m\000u\000l\000a\000\040\000f\000o\000r\000\040\000T\000a\000y\000l\000o\000r\000\040\000S\000e\000r\000i\000e\000s}{section.6.7}% 83
\BOOKMARK [2][-]{subsection.6.7.4}{\376\377\000P\000r\000o\000v\000i\000n\000g\000\040\000W\000A\000T}{section.6.7}% 84
\BOOKMARK [0][-]{chapter.7}{\376\377\000T\000h\000e\000\040\000R\000i\000e\000m\000a\000n\000n\000\040\000I\000n\000t\000e\000g\000r\000a\000l}{}% 85
\BOOKMARK [1][-]{section.7.1}{\376\377\000D\000i\000c\000u\000s\000s\000i\000o\000n\000:\000\040\000H\000o\000w\000\040\000s\000h\000o\000u\000l\000d\000\040\000I\000n\000t\000e\000g\000r\000a\000t\000i\000o\000n\000\040\000b\000e\000\040\000D\000e\000f\000i\000n\000e\000d\000?}{chapter.7}% 86
\BOOKMARK [1][-]{section.7.2}{\376\377\000T\000h\000e\000\040\000D\000e\000f\000i\000n\000i\000t\000i\000o\000n\000\040\000o\000f\000\040\000t\000h\000e\000\040\000R\000i\000e\000m\000a\000n\000n\000\040\000I\000n\000t\000e\000g\000r\000a\000l}{chapter.7}% 87
\BOOKMARK [2][-]{subsection.7.2.1}{\376\377\000P\000a\000r\000t\000i\000t\000i\000o\000n\000s\000,\000\040\000U\000p\000p\000e\000r\000\040\000S\000u\000m\000s\000,\000\040\000a\000n\000d\000\040\000L\000o\000w\000e\000r\000\040\000S\000u\000m\000s}{section.7.2}% 88
\BOOKMARK [2][-]{subsection.7.2.2}{\376\377\000I\000n\000t\000e\000g\000r\000a\000b\000i\000l\000i\000t\000y}{section.7.2}% 89
\BOOKMARK [2][-]{subsection.7.2.3}{\376\377\000C\000r\000i\000t\000e\000r\000i\000a\000\040\000f\000o\000r\000\040\000I\000n\000t\000e\000g\000r\000a\000b\000i\000l\000i\000t\000y}{section.7.2}% 90
\BOOKMARK [1][-]{section.7.3}{\376\377\000I\000n\000t\000e\000g\000r\000a\000t\000i\000n\000g\000\040\000F\000u\000n\000c\000t\000i\000o\000n\000s\000\040\000w\000i\000t\000h\000\040\000D\000i\000s\000c\000o\000n\000t\000i\000n\000u\000i\000t\000i\000e\000s}{chapter.7}% 91
\BOOKMARK [1][-]{section.7.4}{\376\377\000P\000r\000o\000p\000e\000r\000t\000i\000e\000s\000\040\000o\000f\000\040\000t\000h\000e\000\040\000I\000n\000t\000e\000g\000r\000a\000l}{chapter.7}% 92
\BOOKMARK [2][-]{subsection.7.4.1}{\376\377\000U\000n\000i\000f\000o\000r\000m\000\040\000C\000o\000n\000v\000e\000r\000g\000e\000n\000c\000e\000\040\000a\000n\000d\000\040\000I\000n\000t\000e\000g\000r\000a\000t\000i\000o\000n}{section.7.4}% 93
\BOOKMARK [1][-]{section.7.5}{\376\377\000T\000h\000e\000\040\000F\000u\000n\000d\000a\000m\000e\000n\000t\000a\000l\000\040\000T\000h\000e\000o\000r\000e\000m\000\040\000o\000f\000\040\000C\000a\000l\000c\000u\000l\000u\000s}{chapter.7}% 94
\BOOKMARK [0][-]{chapter.8}{\376\377\000A\000d\000d\000i\000t\000i\000o\000n\000a\000l\000\040\000T\000o\000p\000i\000c\000s}{}% 95
\BOOKMARK [1][-]{section.8.1}{\376\377\000T\000h\000e\000\040\000G\000e\000n\000e\000r\000a\000l\000i\000z\000e\000d\000\040\000R\000i\000e\000m\000a\000n\000n\000\040\000I\000n\000t\000e\000g\000r\000a\000l}{chapter.8}% 96
\BOOKMARK [2][-]{subsection.8.1.1}{\376\377\000T\000h\000e\000\040\000R\000i\000e\000m\000a\000n\000n\000\040\000I\000n\000t\000e\000g\000r\000a\000l\000\040\000a\000s\000\040\000a\000\040\000L\000i\000m\000i\000t}{section.8.1}% 97
\BOOKMARK [2][-]{subsection.8.1.2}{\376\377\000G\000a\000u\000g\000e\000s\000\040\000a\000n\000d\000\040\000\040\000\050\000x\000\051\000-\000\040\000f\000i\000n\000e\000\040\000P\000a\000r\000t\000i\000t\000i\000o\000n\000s}{section.8.1}% 98
\BOOKMARK [2][-]{subsection.8.1.3}{\376\377\000G\000e\000n\000e\000r\000a\000l\000i\000z\000e\000d\000\040\000R\000i\000e\000m\000a\000n\000n\000\040\000I\000n\000t\000e\000g\000r\000a\000b\000i\000l\000i\000t\000y}{section.8.1}% 99
\BOOKMARK [2][-]{subsection.8.1.4}{\376\377\000T\000h\000e\000\040\000F\000u\000n\000d\000a\000m\000e\000n\000t\000a\000l\000\040\000T\000h\000e\000o\000r\000e\000m\000\040\000o\000f\000\040\000C\000a\000l\000c\000u\000l\000u\000s}{section.8.1}% 100
\BOOKMARK [1][-]{section.8.2}{\376\377\000M\000e\000t\000r\000i\000c\000\040\000S\000p\000a\000c\000e\000s}{chapter.8}% 101
\BOOKMARK [2][-]{subsection.8.2.1}{\376\377\000B\000a\000s\000i\000c\000\040\000D\000e\000f\000i\000n\000i\000t\000i\000o\000n\000s}{section.8.2}% 102
\BOOKMARK [2][-]{subsection.8.2.2}{\376\377\000T\000o\000p\000o\000l\000o\000g\000y\000\040\000o\000n\000\040\000M\000e\000t\000r\000i\000c\000\040\000S\000p\000a\000c\000e\000s}{section.8.2}% 103
\BOOKMARK [1][-]{section.8.3}{\376\377\000E\000u\000l\000e\000r\000'\000s\000\040\000S\000u\000m}{chapter.8}% 104
\BOOKMARK [2][-]{subsection.8.3.1}{\376\377\000W\000a\000l\000l\000i\000'\000s\000\040\000P\000r\000o\000d\000u\000c\000t}{section.8.3}% 105
\BOOKMARK [2][-]{subsection.8.3.2}{\376\377\000T\000a\000y\000l\000o\000r\000\040\000S\000e\000r\000i\000e\000s}{section.8.3}% 106
\BOOKMARK [2][-]{subsection.8.3.3}{\376\377\000T\000h\000e\000\040\000I\000n\000t\000e\000g\000r\000a\000l\000\040\000F\000o\000r\000m\000\040\000o\000f\000\040\000t\000h\000e\000\040\000R\000e\000m\000a\000i\000n\000d\000e\000r}{section.8.3}% 107
\BOOKMARK [2][-]{subsection.8.3.4}{\376\377\000S\000u\000m\000m\000i\000n\000g\000\040\000\040\000\040\000n\000=\0001\000\040\000\040\000\040\0001\000\040\000/\000\040\000n\0002\000\040}{section.8.3}% 108
\BOOKMARK [2][-]{subsection.8.3.5}{\376\377\000R\000i\000e\000m\000a\000n\000n\000-\000Z\000e\000t\000a\000\040\000F\000u\000n\000c\000t\000i\000o\000n}{section.8.3}% 109
\BOOKMARK [1][-]{section.8.4}{\376\377\000I\000n\000v\000e\000n\000t\000i\000n\000g\000\040\000t\000h\000e\000\040\000F\000a\000c\000t\000o\000r\000i\000a\000l\000\040\000F\000u\000n\000c\000t\000i\000o\000n}{chapter.8}% 110
