\BOOKMARK [0][-]{chapter.1}{\376\377\000T\000h\000e\000\040\000R\000e\000a\000l\000\040\000N\000u\000m\000b\000e\000r\000s}{}% 1
\BOOKMARK [1][-]{section.1.1}{\376\377\000T\000h\000e\000\040\000A\000x\000i\000o\000m\000\040\000o\000f\000\040\000C\000o\000m\000p\000l\000e\000t\000e\000n\000e\000s\000s}{chapter.1}% 2
\BOOKMARK [1][-]{section.1.2}{\376\377\000C\000o\000n\000s\000e\000q\000u\000e\000n\000c\000e\000s\000\040\000o\000f\000\040\000C\000o\000m\000p\000l\000e\000t\000e\000n\000e\000s\000s}{chapter.1}% 3
\BOOKMARK [2][-]{subsection.1.2.1}{\376\377\000T\000h\000e\000\040\000D\000e\000n\000s\000i\000t\000y\000\040\000o\000f\000\040\000t\000h\000e\000\040\000R\000a\000t\000i\000o\000n\000a\000l\000s\000\040}{section.1.2}% 4
\BOOKMARK [2][-]{subsection.1.2.2}{\376\377\000T\000h\000e\000\040\000E\000x\000i\000s\000t\000e\000n\000c\000e\000\040\000o\000f\000\040\000S\000q\000u\000a\000r\000e\000\040\000R\000o\000o\000t\000s}{section.1.2}% 5
\BOOKMARK [1][-]{section.1.3}{\376\377\000C\000a\000r\000d\000i\000n\000a\000l\000i\000t\000y}{chapter.1}% 6
\BOOKMARK [2][-]{subsection.1.3.1}{\376\377\000C\000o\000r\000r\000e\000s\000p\000o\000n\000d\000e\000n\000c\000e}{section.1.3}% 7
\BOOKMARK [2][-]{subsection.1.3.2}{\376\377\000C\000o\000u\000n\000t\000a\000b\000l\000e\000\040\000S\000e\000t\000s}{section.1.3}% 8
\BOOKMARK [0][-]{chapter.2}{\376\377\000S\000e\000q\000u\000e\000n\000c\000e\000s\000\040\000a\000n\000d\000\040\000S\000e\000r\000i\000e\000s}{}% 9
\BOOKMARK [1][-]{section.2.1}{\376\377\000T\000h\000e\000\040\000L\000i\000m\000i\000t\000\040\000o\000f\000\040\000a\000\040\000S\000e\000q\000u\000e\000n\000c\000e}{chapter.2}% 10
\BOOKMARK [2][-]{subsection.2.1.1}{\376\377\000D\000i\000v\000e\000r\000g\000e\000n\000c\000e}{section.2.1}% 11
\BOOKMARK [1][-]{section.2.2}{\376\377\000T\000h\000e\000\040\000A\000l\000g\000e\000b\000r\000a\000i\000c\000\040\000a\000n\000d\000\040\000O\000r\000d\000e\000r\000\040\000L\000i\000m\000i\000t\000\040\000T\000h\000e\000o\000r\000e\000m\000s}{chapter.2}% 12
\BOOKMARK [1][-]{section.2.3}{\376\377\000T\000h\000e\000\040\000M\000o\000n\000o\000t\000o\000n\000e\000\040\000C\000o\000n\000v\000e\000r\000g\000e\000n\000c\000e\000\040\000T\000h\000e\000o\000r\000e\000m}{chapter.2}% 13
\BOOKMARK [1][-]{section.2.4}{\376\377\000S\000u\000b\000s\000e\000q\000u\000e\000n\000c\000e\000s\000\040\000a\000n\000d\000\040\000B\000o\000l\000z\000a\000n\000o\000-\000W\000e\000i\000e\000r\000s\000t\000r\000a\000s\000s}{chapter.2}% 14
\BOOKMARK [1][-]{section.2.5}{\376\377\000T\000h\000e\000\040\000C\000a\000u\000c\000h\000y\000\040\000C\000r\000i\000t\000e\000r\000i\000o\000n}{chapter.2}% 15
\BOOKMARK [2][-]{subsection.2.5.1}{\376\377\000C\000o\000m\000p\000l\000e\000t\000e\000n\000e\000s\000s\000\040\000R\000e\000v\000i\000s\000i\000t\000e\000d}{section.2.5}% 16
\BOOKMARK [1][-]{section.2.6}{\376\377\000P\000r\000o\000p\000e\000r\000t\000i\000e\000s\000\040\000o\000f\000\040\000I\000n\000f\000i\000n\000i\000t\000e\000\040\000S\000e\000r\000i\000e\000s}{chapter.2}% 17
\BOOKMARK [2][-]{subsection.2.6.1}{\376\377\000R\000e\000a\000r\000r\000a\000n\000g\000e\000m\000e\000n\000t\000s}{section.2.6}% 18
\BOOKMARK [1][-]{section.2.7}{\376\377\000D\000o\000u\000b\000l\000e\000\040\000S\000u\000m\000m\000a\000t\000i\000o\000n\000s\000\040\000a\000n\000d\000\040\000P\000r\000o\000d\000u\000c\000t\000s}{chapter.2}% 19
\BOOKMARK [2][-]{subsection.2.7.1}{\376\377\000P\000r\000o\000d\000u\000c\000t\000s\000\040\000o\000f\000\040\000S\000e\000r\000i\000e\000s}{section.2.7}% 20
\BOOKMARK [0][-]{chapter.3}{\376\377\000A\000d\000d\000i\000t\000i\000o\000n\000a\000l\000\040\000T\000o\000p\000i\000c\000s}{}% 21
\BOOKMARK [1][-]{section.3.1}{\376\377\000T\000h\000e\000\040\000G\000e\000n\000e\000r\000a\000l\000i\000z\000e\000d\000\040\000R\000i\000e\000m\000a\000n\000n\000\040\000I\000n\000t\000e\000g\000r\000a\000l}{chapter.3}% 22
\BOOKMARK [2][-]{subsection.3.1.1}{\376\377\000T\000h\000e\000\040\000R\000i\000e\000m\000a\000n\000n\000\040\000I\000n\000t\000e\000g\000r\000a\000l\000\040\000a\000s\000\040\000a\000\040\000L\000i\000m\000i\000t}{section.3.1}% 23
\BOOKMARK [2][-]{subsection.3.1.2}{\376\377\000G\000a\000u\000g\000e\000s\000\040\000a\000n\000d\000\040\000\040\000\050\000x\000\051\000-\000\040\000f\000i\000n\000e\000\040\000P\000a\000r\000t\000i\000t\000i\000o\000n\000s}{section.3.1}% 24
\BOOKMARK [2][-]{subsection.3.1.3}{\376\377\000G\000e\000n\000e\000r\000a\000l\000i\000z\000e\000d\000\040\000R\000i\000e\000m\000a\000n\000n\000\040\000I\000n\000t\000e\000g\000r\000a\000b\000i\000l\000i\000t\000y}{section.3.1}% 25
\BOOKMARK [2][-]{subsection.3.1.4}{\376\377\000T\000h\000e\000\040\000F\000u\000n\000d\000a\000m\000e\000n\000t\000a\000l\000\040\000T\000h\000e\000o\000r\000e\000m\000\040\000o\000f\000\040\000C\000a\000l\000c\000u\000l\000u\000s}{section.3.1}% 26
\BOOKMARK [1][-]{section.3.2}{\376\377\000M\000e\000t\000r\000i\000c\000\040\000S\000p\000a\000c\000e\000s}{chapter.3}% 27
\BOOKMARK [2][-]{subsection.3.2.1}{\376\377\000B\000a\000s\000i\000c\000\040\000D\000e\000f\000i\000n\000i\000t\000i\000o\000n\000s}{section.3.2}% 28
\BOOKMARK [2][-]{subsection.3.2.2}{\376\377\000T\000o\000p\000o\000l\000o\000g\000y\000\040\000o\000n\000\040\000M\000e\000t\000r\000i\000c\000\040\000S\000p\000a\000c\000e\000s}{section.3.2}% 29
\BOOKMARK [1][-]{section.3.3}{\376\377\000E\000u\000l\000e\000r\000'\000s\000\040\000S\000u\000m}{chapter.3}% 30
\BOOKMARK [2][-]{subsection.3.3.1}{\376\377\000W\000a\000l\000l\000i\000'\000s\000\040\000P\000r\000o\000d\000u\000c\000t}{section.3.3}% 31
\BOOKMARK [2][-]{subsection.3.3.2}{\376\377\000T\000a\000y\000l\000o\000r\000\040\000S\000e\000r\000i\000e\000s}{section.3.3}% 32
\BOOKMARK [2][-]{subsection.3.3.3}{\376\377\000T\000h\000e\000\040\000I\000n\000t\000e\000g\000r\000a\000l\000\040\000F\000o\000r\000m\000\040\000o\000f\000\040\000t\000h\000e\000\040\000R\000e\000m\000a\000i\000n\000d\000e\000r}{section.3.3}% 33
\BOOKMARK [2][-]{subsection.3.3.4}{\376\377\000S\000u\000m\000m\000i\000n\000g\000\040\000\040\000\040\000n\000=\0001\000\040\000\040\000\040\0001\000\040\000/\000\040\000n\0002\000\040}{section.3.3}% 34
\BOOKMARK [2][-]{subsection.3.3.5}{\376\377\000R\000i\000e\000m\000a\000n\000n\000-\000Z\000e\000t\000a\000\040\000F\000u\000n\000c\000t\000i\000o\000n}{section.3.3}% 35
\BOOKMARK [1][-]{section.3.4}{\376\377\000I\000n\000v\000e\000n\000t\000i\000n\000g\000\040\000t\000h\000e\000\040\000F\000a\000c\000t\000o\000r\000i\000a\000l\000\040\000F\000u\000n\000c\000t\000i\000o\000n}{chapter.3}% 36
\BOOKMARK [2][-]{subsection.3.4.1}{\376\377\000T\000h\000e\000\040\000E\000x\000p\000o\000n\000e\000n\000t\000i\000a\000l\000\040\000F\000u\000n\000c\000t\000i\000o\000n}{section.3.4}% 37
\BOOKMARK [2][-]{subsection.3.4.2}{\376\377\000O\000t\000h\000e\000r\000\040\000B\000a\000s\000e\000s}{section.3.4}% 38
\BOOKMARK [2][-]{subsection.3.4.3}{\376\377\000T\000h\000e\000\040\000F\000u\000n\000c\000t\000i\000o\000n\000a\000l\000\040\000E\000q\000u\000a\000t\000i\000o\000n}{section.3.4}% 39
\BOOKMARK [2][-]{subsection.3.4.4}{\376\377\000I\000m\000p\000r\000o\000p\000e\000r\000\040\000R\000i\000e\000m\000a\000n\000n\000\040\000I\000n\000t\000e\000g\000r\000a\000l\000s}{section.3.4}% 40
\BOOKMARK [2][-]{subsection.3.4.5}{\376\377\000D\000i\000f\000f\000e\000r\000e\000n\000t\000i\000a\000t\000i\000n\000g\000\040\000U\000n\000d\000e\000r\000\040\000t\000h\000e\000\040\000I\000n\000t\000e\000g\000r\000a\000l}{section.3.4}% 41
\BOOKMARK [2][-]{subsection.3.4.6}{\376\377\000I\000m\000p\000r\000o\000p\000e\000r\000\040\000I\000n\000t\000e\000g\000r\000a\000l\000s\000,\000\040\000R\000e\000v\000i\000s\000i\000t\000e\000d}{section.3.4}% 42
\BOOKMARK [2][-]{subsection.3.4.7}{\376\377\000T\000h\000e\000\040\000F\000a\000c\000t\000o\000r\000i\000a\000l\000\040\000F\000u\000n\000c\000t\000i\000o\000n}{section.3.4}% 43
\BOOKMARK [2][-]{subsection.3.4.8}{\376\377\000T\000h\000e\000\040\000G\000a\000m\000m\000a\000\040\000F\000u\000n\000c\000t\000i\000o\000n}{section.3.4}% 44
\BOOKMARK [1][-]{section.3.5}{\376\377\000F\000o\000u\000r\000i\000e\000r\000\040\000S\000e\000r\000i\000e\000s}{chapter.3}% 45
\BOOKMARK [2][-]{subsection.3.5.1}{\376\377\000T\000r\000i\000g\000o\000n\000o\000m\000e\000t\000r\000i\000c\000\040\000S\000e\000r\000i\000e\000s}{section.3.5}% 46
\BOOKMARK [2][-]{subsection.3.5.2}{\376\377\000P\000e\000r\000i\000o\000d\000i\000c\000\040\000F\000u\000n\000c\000t\000i\000o\000n\000s}{section.3.5}% 47
\BOOKMARK [2][-]{subsection.3.5.3}{\376\377\000T\000y\000p\000e\000s\000\040\000o\000f\000\040\000C\000o\000n\000v\000e\000r\000g\000e\000n\000c\000e}{section.3.5}% 48
\BOOKMARK [2][-]{subsection.3.5.4}{\376\377\000F\000o\000u\000r\000i\000e\000r\000\040\000C\000o\000e\000f\000f\000i\000c\000i\000e\000n\000t\000s}{section.3.5}% 49
\BOOKMARK [2][-]{subsection.3.5.5}{\376\377\000T\000h\000e\000\040\000R\000i\000e\000m\000a\000n\000n\000-\000L\000e\000b\000e\000s\000g\000u\000e\000\040\000L\000e\000m\000m\000a}{section.3.5}% 50
\BOOKMARK [2][-]{subsection.3.5.6}{\376\377\000A\000\040\000P\000o\000i\000n\000t\000w\000i\000s\000e\000\040\000C\000o\000n\000v\000e\000r\000g\000e\000n\000c\000e\000\040\000P\000r\000o\000o\000f}{section.3.5}% 51
\BOOKMARK [2][-]{subsection.3.5.7}{\376\377\000C\000e\000s\000a\000r\000o\000\040\000M\000e\000a\000n\000\040\000C\000o\000n\000v\000e\000r\000g\000e\000n\000c\000e}{section.3.5}% 52
\BOOKMARK [2][-]{subsection.3.5.8}{\376\377\000W\000e\000i\000e\000r\000s\000t\000r\000a\000s\000s\000\040\000A\000p\000p\000r\000o\000x\000i\000m\000a\000t\000i\000o\000n\000\040\000T\000h\000e\000o\000r\000e\000m}{section.3.5}% 53
\BOOKMARK [1][-]{section.3.6}{\376\377\000A\000\040\000C\000o\000n\000s\000t\000r\000u\000c\000t\000i\000o\000n\000\040\000o\000f\000\040\000R\000\040\000f\000r\000o\000m\000\040\000Q}{chapter.3}% 54
\BOOKMARK [2][-]{subsection.3.6.1}{\376\377\000D\000e\000d\000e\000k\000i\000n\000d\000\040\000C\000u\000t\000s}{section.3.6}% 55
\BOOKMARK [2][-]{subsection.3.6.2}{\376\377\000F\000i\000e\000l\000d\000\040\000a\000n\000d\000\040\000O\000r\000d\000e\000r\000\040\000P\000r\000o\000p\000e\000r\000t\000i\000e\000s}{section.3.6}% 56
\BOOKMARK [2][-]{subsection.3.6.3}{\376\377\000A\000l\000g\000e\000b\000r\000a\000\040\000i\000n\000\040\000R}{section.3.6}% 57
\BOOKMARK [2][-]{subsection.3.6.4}{\376\377\000L\000e\000a\000s\000t\000\040\000U\000p\000p\000e\000r\000\040\000B\000o\000u\000n\000d\000s}{section.3.6}% 58
\BOOKMARK [2][-]{subsection.3.6.5}{\376\377\000C\000a\000n\000t\000o\000r\000'\000s\000\040\000A\000p\000p\000r\000o\000a\000c\000h}{section.3.6}% 59
