This is pdfTeX, Version 3.14159265-2.6-1.40.21 (TeX Live 2020/Debian) (preloaded format=pdflatex 2022.12.25)  3 MAR 2023 16:10
entering extended mode
 restricted \write18 enabled.
 %&-line parsing enabled.
**chap5.3.tex
(./chap5.3.tex
LaTeX2e <2020-10-01> patch level 4
L3 programming layer <2021-01-09> xparse <2020-03-03>
! Undefined control sequence.
l.2 \section
            {The Mean Value Theorems} 
Here is how much of TeX's memory you used:
 16 strings out of 479304
 389 string characters out of 5869778
 271124 words of memory out of 5000000
 17308 multiletter control sequences out of 15000+600000
 403430 words of font info for 27 fonts, out of 8000000 for 9000
 1141 hyphenation exceptions out of 8191
 13i,0n,15p,47b,10s stack positions out of 5000i,500n,10000p,200000b,80000s

!  ==> Fatal error occurred, no output PDF file produced!
